<?xml version="1.0" encoding="UTF-8"?>
<testng-results ignored="0" total="1" passed="1" failed="0" skipped="0">
  <reporter-output>
  </reporter-output>
  <suite started-at="2025-01-10T12:25:56 SAST" name="Cucumber Test Suite" finished-at="2025-01-10T12:26:15 SAST" duration-ms="19875">
    <groups>
      <group name="cucumber">
        <method signature="AbstractTestNGCucumberTests.runScenario(io.cucumber.testng.PickleWrapper,io.cucumber.testng.FeatureWrapper)[pri:0, instance:com.practice.runner.OrderRunner@6950ed69]" name="runScenario" class="io.cucumber.testng.AbstractTestNGCucumberTests"/>
      </group> <!-- cucumber -->
    </groups>
    <test started-at="2025-01-10T12:25:56 SAST" name="Cucumber Tests" finished-at="2025-01-10T12:26:15 SAST" duration-ms="19875">
      <class name="com.practice.runner.OrderRunner">
        <test-method is-config="true" signature="setUpClass(org.testng.ITestContext)[pri:0, instance:com.practice.runner.OrderRunner@6950ed69]" started-at="2025-01-10T12:25:56 SAST" name="setUpClass" finished-at="2025-01-10T12:25:56 SAST" duration-ms="569" status="PASS">
          <params>
            <param index="0">
              <value>
                <![CDATA[org.testng.TestRunner@bb8ead8]]>
              </value>
            </param>
          </params>
          <reporter-output>
          </reporter-output>
        </test-method> <!-- setUpClass -->
        <test-method signature="runScenario(io.cucumber.testng.PickleWrapper,io.cucumber.testng.FeatureWrapper)[pri:0, instance:com.practice.runner.OrderRunner@6950ed69]" started-at="2025-01-10T12:25:56 SAST" name="runScenario" description="Runs Cucumber Scenarios" data-provider="scenarios" finished-at="2025-01-10T12:26:13 SAST" duration-ms="16362" status="PASS">
          <params>
            <param index="0">
              <value>
                <![CDATA["Place order for Galaxy phone with valid credentials"]]>
              </value>
            </param>
            <param index="1">
              <value>
                <![CDATA["End-to-End Testing for Login and Add to Cart and ordering"]]>
              </value>
            </param>
          </params>
          <reporter-output>
          </reporter-output>
        </test-method> <!-- runScenario -->
        <test-method is-config="true" signature="tearDownClass()[pri:0, instance:com.practice.runner.OrderRunner@6950ed69]" started-at="2025-01-10T12:26:13 SAST" name="tearDownClass" finished-at="2025-01-10T12:26:15 SAST" duration-ms="2622" status="PASS">
          <reporter-output>
          </reporter-output>
        </test-method> <!-- tearDownClass -->
      </class> <!-- com.practice.runner.OrderRunner -->
    </test> <!-- Cucumber Tests -->
  </suite> <!-- Cucumber Test Suite -->
</testng-results>
