<?xml version="1.0" encoding="UTF-8"?>
<testng-results ignored="0" total="0" passed="0" failed="0" skipped="0">
  <reporter-output>
  </reporter-output>
  <suite started-at="2025-01-12T15:00:18 SAST" name="Cucumber Test Suite" finished-at="2025-01-12T15:00:21 SAST" duration-ms="2943">
    <groups>
      <group name="cucumber">
        <method signature="AbstractTestNGCucumberTests.runScenario(io.cucumber.testng.PickleWrapper,io.cucumber.testng.FeatureWrapper)[pri:0, instance:com.practice.runner.OrderRunner@791d1f8b]" name="runScenario" class="io.cucumber.testng.AbstractTestNGCucumberTests"/>
      </group> <!-- cucumber -->
    </groups>
    <test started-at="2025-01-12T15:00:18 SAST" name="Cucumber Tests" finished-at="2025-01-12T15:00:21 SAST" duration-ms="2943">
      <class name="com.practice.runner.OrderRunner">
        <test-method is-config="true" signature="setUpClass(org.testng.ITestContext)[pri:0, instance:com.practice.runner.OrderRunner@791d1f8b]" started-at="2025-01-12T15:00:18 SAST" name="setUpClass" finished-at="2025-01-12T15:00:19 SAST" duration-ms="582" status="PASS">
          <params>
            <param index="0">
              <value>
                <![CDATA[org.testng.TestRunner@7da31a40]]>
              </value>
            </param>
          </params>
          <reporter-output>
          </reporter-output>
        </test-method> <!-- setUpClass -->
        <test-method is-config="true" signature="tearDownClass()[pri:0, instance:com.practice.runner.OrderRunner@791d1f8b]" started-at="2025-01-12T15:00:19 SAST" name="tearDownClass" finished-at="2025-01-12T15:00:21 SAST" duration-ms="2037" status="PASS">
          <reporter-output>
          </reporter-output>
        </test-method> <!-- tearDownClass -->
      </class> <!-- com.practice.runner.OrderRunner -->
    </test> <!-- Cucumber Tests -->
  </suite> <!-- Cucumber Test Suite -->
</testng-results>
